<?xml version="1.0" encoding="UTF-8"?>
<!-- Generated by org.testng.reporters.JUnitReportReporter -->
<testsuite hostname="DESKTOP-2ODO8DJ" failures="0" tests="17" name="com.EIDSA.testCases.TC_0001_IntegrationTesting_Positive" time="748.995" errors="1" timestamp="2023-05-10T09:37:40 IST" skipped="0">
  <testcase classname="com.EIDSA.testCases.TC_0001_IntegrationTesting_Positive" name="RoleCreation" time="34.453"/>
  <system-out/>
  <testcase classname="com.EIDSA.testCases.TC_0001_IntegrationTesting_Positive" name="RolePrivilege" time="52.571"/>
  <system-out/>
  <testcase classname="com.EIDSA.testCases.TC_0001_IntegrationTesting_Positive" name="UserCreation" time="94.860"/>
  <system-out/>
  <testcase classname="com.EIDSA.testCases.TC_0001_IntegrationTesting_Positive" name="StudyCreation" time="49.340"/>
  <system-out/>
  <testcase classname="com.EIDSA.testCases.TC_0001_IntegrationTesting_Positive" name="VisitCreation" time="53.801"/>
  <system-out/>
  <testcase classname="com.EIDSA.testCases.TC_0001_IntegrationTesting_Positive" name="SiteCreation" time="33.504"/>
  <system-out/>
  <testcase classname="com.EIDSA.testCases.TC_0001_IntegrationTesting_Positive" name="SubjectCreation" time="59.833"/>
  <system-out/>
  <testcase classname="com.EIDSA.testCases.TC_0001_IntegrationTesting_Positive" name="SUbjectSchedule" time="31.141"/>
  <system-out/>
  <testcase classname="com.EIDSA.testCases.TC_0001_IntegrationTesting_Positive" name="UnscheduledVisitCreation" time="55.837"/>
  <system-out/>
  <testcase classname="com.EIDSA.testCases.TC_0001_IntegrationTesting_Positive" name="PatientLogin" time="41.874"/>
  <system-out/>
  <testcase classname="com.EIDSA.testCases.TC_0001_IntegrationTesting_Positive" name="VisitTemplate" time="51.776"/>
  <system-out/>
  <testcase classname="com.EIDSA.testCases.TC_0001_IntegrationTesting_Positive" name="SaveForm" time="46.720"/>
  <system-out/>
  <testcase classname="com.EIDSA.testCases.TC_0001_IntegrationTesting_Positive" name="ViewForm1" time="28.116"/>
  <system-out/>
  <testcase classname="com.EIDSA.testCases.TC_0001_IntegrationTesting_Positive" name="ReviewandSubmitForm" time="38.446"/>
  <system-out/>
  <testcase classname="com.EIDSA.testCases.TC_0001_IntegrationTesting_Positive" name="FormOpened" time="4.211">
    <error message="element click intercepted: Element is not clickable at point (124, -421)
  (Session info: chrome=112.0.5615.140)
Build info: version: &#039;4.8.0&#039;, revision: &#039;267030adea&#039;
System info: os.name: &#039;Windows 10&#039;, os.arch: &#039;amd64&#039;, os.version: &#039;10.0&#039;, java.version: &#039;17.0.6&#039;
Driver info: org.openqa.selenium.chrome.ChromeDriver
Command: [99f31dfbb265d7b93ff9978cbac95f66, clickElement {id=b3b94dd6-d372-4f57-8c58-d5f389300575}]
Capabilities {acceptInsecureCerts: false, browserName: chrome, browserVersion: 112.0.5615.140, chrome: {chromedriverVersion: 112.0.5615.49 (bd2a7bcb881c..., userDataDir: C:\Users\lenovo\AppData\Loc...}, goog:chromeOptions: {debuggerAddress: localhost:55158}, networkConnectionEnabled: false, pageLoadStrategy: normal, platformName: WINDOWS, proxy: Proxy(), se:cdp: ws://localhost:55158/devtoo..., se:cdpVersion: 112.0.5615.140, setWindowRect: true, strictFileInteractability: false, timeouts: {implicit: 0, pageLoad: 300000, script: 30000}, unhandledPromptBehavior: dismiss and notify, webauthn:extension:credBlob: true, webauthn:extension:largeBlob: true, webauthn:extension:minPinLength: true, webauthn:extension:prf: true, webauthn:virtualAuthenticators: true}
Element: [[ChromeDriver: chrome on WINDOWS (99f31dfbb265d7b93ff9978cbac95f66)] -&gt; xpath: //span[contains(text(),&#039;Form Summary&#039;)]]
Session ID: 99f31dfbb265d7b93ff9978cbac95f66" type="org.openqa.selenium.ElementClickInterceptedException">
      <![CDATA[org.openqa.selenium.ElementClickInterceptedException: element click intercepted: Element is not clickable at point (124, -421)
  (Session info: chrome=112.0.5615.140)
Build info: version: '4.8.0', revision: '267030adea'
System info: os.name: 'Windows 10', os.arch: 'amd64', os.version: '10.0', java.version: '17.0.6'
Driver info: org.openqa.selenium.chrome.ChromeDriver
Command: [99f31dfbb265d7b93ff9978cbac95f66, clickElement {id=b3b94dd6-d372-4f57-8c58-d5f389300575}]
Capabilities {acceptInsecureCerts: false, browserName: chrome, browserVersion: 112.0.5615.140, chrome: {chromedriverVersion: 112.0.5615.49 (bd2a7bcb881c..., userDataDir: C:\Users\lenovo\AppData\Loc...}, goog:chromeOptions: {debuggerAddress: localhost:55158}, networkConnectionEnabled: false, pageLoadStrategy: normal, platformName: WINDOWS, proxy: Proxy(), se:cdp: ws://localhost:55158/devtoo..., se:cdpVersion: 112.0.5615.140, setWindowRect: true, strictFileInteractability: false, timeouts: {implicit: 0, pageLoad: 300000, script: 30000}, unhandledPromptBehavior: dismiss and notify, webauthn:extension:credBlob: true, webauthn:extension:largeBlob: true, webauthn:extension:minPinLength: true, webauthn:extension:prf: true, webauthn:virtualAuthenticators: true}
Element: [[ChromeDriver: chrome on WINDOWS (99f31dfbb265d7b93ff9978cbac95f66)] -> xpath: //span[contains(text(),'Form Summary')]]
Session ID: 99f31dfbb265d7b93ff9978cbac95f66
at java.base/jdk.internal.reflect.NativeConstructorAccessorImpl.newInstance0(Native Method)
at java.base/jdk.internal.reflect.NativeConstructorAccessorImpl.newInstance(NativeConstructorAccessorImpl.java:77)
at java.base/jdk.internal.reflect.DelegatingConstructorAccessorImpl.newInstance(DelegatingConstructorAccessorImpl.java:45)
at java.base/java.lang.reflect.Constructor.newInstanceWithCaller(Constructor.java:499)
at java.base/java.lang.reflect.Constructor.newInstance(Constructor.java:480)
at org.openqa.selenium.remote.codec.w3c.W3CHttpResponseCodec.createException(W3CHttpResponseCodec.java:200)
at org.openqa.selenium.remote.codec.w3c.W3CHttpResponseCodec.decode(W3CHttpResponseCodec.java:133)
at org.openqa.selenium.remote.codec.w3c.W3CHttpResponseCodec.decode(W3CHttpResponseCodec.java:53)
at org.openqa.selenium.remote.HttpCommandExecutor.execute(HttpCommandExecutor.java:184)
at org.openqa.selenium.remote.service.DriverCommandExecutor.invokeExecute(DriverCommandExecutor.java:167)
at org.openqa.selenium.remote.service.DriverCommandExecutor.execute(DriverCommandExecutor.java:142)
at org.openqa.selenium.remote.RemoteWebDriver.execute(RemoteWebDriver.java:543)
at org.openqa.selenium.remote.RemoteWebElement.execute(RemoteWebElement.java:257)
at org.openqa.selenium.remote.RemoteWebElement.click(RemoteWebElement.java:78)
at jdk.internal.reflect.GeneratedMethodAccessor2.invoke(Unknown Source)
at java.base/jdk.internal.reflect.DelegatingMethodAccessorImpl.invoke(DelegatingMethodAccessorImpl.java:43)
at java.base/java.lang.reflect.Method.invoke(Method.java:568)
at org.openqa.selenium.support.pagefactory.internal.LocatingElementHandler.invoke(LocatingElementHandler.java:52)
at jdk.proxy2/jdk.proxy2.$Proxy19.click(Unknown Source)
at com.EIDSA.pageObjects.FormSummary.clickFormSummary(FormSummary.java:417)
at com.EIDSA.testCases.TC_0001_IntegrationTesting_Positive.FormOpened(TC_0001_IntegrationTesting_Positive.java:252)
at java.base/jdk.internal.reflect.NativeMethodAccessorImpl.invoke0(Native Method)
at java.base/jdk.internal.reflect.NativeMethodAccessorImpl.invoke(NativeMethodAccessorImpl.java:77)
at java.base/jdk.internal.reflect.DelegatingMethodAccessorImpl.invoke(DelegatingMethodAccessorImpl.java:43)
at java.base/java.lang.reflect.Method.invoke(Method.java:568)
at org.testng.internal.MethodInvocationHelper.invokeMethod(MethodInvocationHelper.java:133)
at org.testng.internal.TestInvoker.invokeMethod(TestInvoker.java:598)
at org.testng.internal.TestInvoker.invokeTestMethod(TestInvoker.java:173)
at org.testng.internal.MethodRunner.runInSequence(MethodRunner.java:46)
at org.testng.internal.TestInvoker$MethodInvocationAgent.invoke(TestInvoker.java:824)
at org.testng.internal.TestInvoker.invokeTestMethods(TestInvoker.java:146)
at org.testng.internal.TestMethodWorker.invokeTestMethods(TestMethodWorker.java:146)
at org.testng.internal.TestMethodWorker.run(TestMethodWorker.java:128)
at java.base/java.util.ArrayList.forEach(ArrayList.java:1511)
at org.testng.TestRunner.privateRun(TestRunner.java:794)
at org.testng.TestRunner.run(TestRunner.java:596)
at org.testng.SuiteRunner.runTest(SuiteRunner.java:377)
at org.testng.SuiteRunner.runSequentially(SuiteRunner.java:371)
at org.testng.SuiteRunner.privateRun(SuiteRunner.java:332)
at org.testng.SuiteRunner.run(SuiteRunner.java:276)
at org.testng.SuiteRunnerWorker.runSuite(SuiteRunnerWorker.java:53)
at org.testng.SuiteRunnerWorker.run(SuiteRunnerWorker.java:96)
at org.testng.TestNG.runSuitesSequentially(TestNG.java:1212)
at org.testng.TestNG.runSuitesLocally(TestNG.java:1134)
at org.testng.TestNG.runSuites(TestNG.java:1063)
at org.testng.TestNG.run(TestNG.java:1031)
at org.testng.remote.AbstractRemoteTestNG.run(AbstractRemoteTestNG.java:115)
at org.testng.remote.RemoteTestNG.initAndRun(RemoteTestNG.java:251)
at org.testng.remote.RemoteTestNG.main(RemoteTestNG.java:77)
]]>
    </error>
  </testcase> <!-- FormOpened -->
  <system-out/>
  <testcase classname="com.EIDSA.testCases.TC_0001_IntegrationTesting_Positive" name="formQuery" time="58.898"/>
  <system-out/>
  <testcase classname="com.EIDSA.testCases.TC_0001_IntegrationTesting_Positive" name="Archive" time="13.614"/>
  <system-out/>
</testsuite> <!-- com.EIDSA.testCases.TC_0001_IntegrationTesting_Positive -->
