<?xml version="1.0" encoding="UTF-8"?>
<!-- Generated by org.testng.reporters.JUnitReportReporter -->
<testsuite hostname="DESKTOP-2ODO8DJ" failures="0" tests="22" name="com.EIDSA.testCases.TC_015_site_Positive" time="298.369" errors="1" timestamp="2023-11-29T15:15:11 IST" skipped="0">
  <testcase classname="com.EIDSA.testCases.TC_015_site_Positive" name="siteCreation_sitePrivilege" time="44.346"/>
  <testcase classname="com.EIDSA.testCases.TC_015_site_Positive" name="searchValidation" time="31.476"/>
  <testcase classname="com.EIDSA.testCases.TC_015_site_Positive" name="siteEdit" time="19.550"/>
  <testcase classname="com.EIDSA.testCases.TC_015_site_Positive" name="siteAuditTrail" time="18.390"/>
  <testcase classname="com.EIDSA.testCases.TC_015_site_Positive" name="siteActionOpen" time="6.632"/>
  <testcase classname="com.EIDSA.testCases.TC_015_site_Positive" name="siteActionComplete" time="7.068"/>
  <testcase classname="com.EIDSA.testCases.TC_015_site_Positive" name="siteActionTerminate" time="10.760"/>
  <testcase classname="com.EIDSA.testCases.TC_015_site_Positive" name="siteDelete" time="5.546">
    <error message="unexpected alert open: {Alert text : Deleted successfully.}
  (Session info: chrome=119.0.6045.160): Deleted successfully.
Build info: version: &#039;4.13.0&#039;, revision: &#039;ba948ece5b*&#039;
System info: os.name: &#039;Windows 10&#039;, os.arch: &#039;amd64&#039;, os.version: &#039;10.0&#039;, java.version: &#039;17.0.6&#039;
Driver info: org.openqa.selenium.chrome.ChromeDriver
Command: [791b2e6e2996d6f98e32f44f744f2932, refresh {}]
Capabilities {acceptInsecureCerts: false, browserName: chrome, browserVersion: 119.0.6045.160, chrome: {chromedriverVersion: 119.0.6045.105 (38c72552c5e..., userDataDir: C:\Users\lenovo\AppData\Loc...}, fedcm:accounts: true, goog:chromeOptions: {debuggerAddress: localhost:59685}, networkConnectionEnabled: false, pageLoadStrategy: normal, platformName: windows, proxy: Proxy(), se:cdp: ws://localhost:59685/devtoo..., se:cdpVersion: 119.0.6045.160, setWindowRect: true, strictFileInteractability: false, timeouts: {implicit: 0, pageLoad: 300000, script: 30000}, unhandledPromptBehavior: dismiss and notify, webauthn:extension:credBlob: true, webauthn:extension:largeBlob: true, webauthn:extension:minPinLength: true, webauthn:extension:prf: true, webauthn:virtualAuthenticators: true}
Session ID: 791b2e6e2996d6f98e32f44f744f2932" type="org.openqa.selenium.UnhandledAlertException">
      <![CDATA[org.openqa.selenium.UnhandledAlertException: unexpected alert open: {Alert text : Deleted successfully.}
  (Session info: chrome=119.0.6045.160): Deleted successfully.
Build info: version: '4.13.0', revision: 'ba948ece5b*'
System info: os.name: 'Windows 10', os.arch: 'amd64', os.version: '10.0', java.version: '17.0.6'
Driver info: org.openqa.selenium.chrome.ChromeDriver
Command: [791b2e6e2996d6f98e32f44f744f2932, refresh {}]
Capabilities {acceptInsecureCerts: false, browserName: chrome, browserVersion: 119.0.6045.160, chrome: {chromedriverVersion: 119.0.6045.105 (38c72552c5e..., userDataDir: C:\Users\lenovo\AppData\Loc...}, fedcm:accounts: true, goog:chromeOptions: {debuggerAddress: localhost:59685}, networkConnectionEnabled: false, pageLoadStrategy: normal, platformName: windows, proxy: Proxy(), se:cdp: ws://localhost:59685/devtoo..., se:cdpVersion: 119.0.6045.160, setWindowRect: true, strictFileInteractability: false, timeouts: {implicit: 0, pageLoad: 300000, script: 30000}, unhandledPromptBehavior: dismiss and notify, webauthn:extension:credBlob: true, webauthn:extension:largeBlob: true, webauthn:extension:minPinLength: true, webauthn:extension:prf: true, webauthn:virtualAuthenticators: true}
Session ID: 791b2e6e2996d6f98e32f44f744f2932
at org.openqa.selenium.remote.codec.w3c.W3CHttpResponseCodec.decode(W3CHttpResponseCodec.java:131)
at org.openqa.selenium.remote.codec.w3c.W3CHttpResponseCodec.decode(W3CHttpResponseCodec.java:52)
at org.openqa.selenium.remote.HttpCommandExecutor.execute(HttpCommandExecutor.java:191)
at org.openqa.selenium.remote.service.DriverCommandExecutor.invokeExecute(DriverCommandExecutor.java:196)
at org.openqa.selenium.remote.service.DriverCommandExecutor.execute(DriverCommandExecutor.java:171)
at org.openqa.selenium.remote.RemoteWebDriver.execute(RemoteWebDriver.java:602)
at org.openqa.selenium.remote.RemoteWebDriver.execute(RemoteWebDriver.java:675)
at org.openqa.selenium.remote.RemoteWebDriver.execute(RemoteWebDriver.java:679)
at org.openqa.selenium.remote.RemoteWebDriver$RemoteNavigation.refresh(RemoteWebDriver.java:1102)
at com.EIDSA.testCases.TC_015_site_Positive.siteDelete(TC_015_site_Positive.java:103)
at java.base/jdk.internal.reflect.NativeMethodAccessorImpl.invoke0(Native Method)
at java.base/jdk.internal.reflect.NativeMethodAccessorImpl.invoke(NativeMethodAccessorImpl.java:77)
at java.base/jdk.internal.reflect.DelegatingMethodAccessorImpl.invoke(DelegatingMethodAccessorImpl.java:43)
at java.base/java.lang.reflect.Method.invoke(Method.java:568)
at org.testng.internal.invokers.MethodInvocationHelper.invokeMethod(MethodInvocationHelper.java:139)
at org.testng.internal.invokers.TestInvoker.invokeMethod(TestInvoker.java:664)
at org.testng.internal.invokers.TestInvoker.invokeTestMethod(TestInvoker.java:227)
at org.testng.internal.invokers.MethodRunner.runInSequence(MethodRunner.java:50)
at org.testng.internal.invokers.TestInvoker$MethodInvocationAgent.invoke(TestInvoker.java:957)
at org.testng.internal.invokers.TestInvoker.invokeTestMethods(TestInvoker.java:200)
at org.testng.internal.invokers.TestMethodWorker.invokeTestMethods(TestMethodWorker.java:148)
at org.testng.internal.invokers.TestMethodWorker.run(TestMethodWorker.java:128)
at java.base/java.util.ArrayList.forEach(ArrayList.java:1511)
at org.testng.TestRunner.privateRun(TestRunner.java:848)
at org.testng.TestRunner.run(TestRunner.java:621)
at org.testng.SuiteRunner.runTest(SuiteRunner.java:443)
at org.testng.SuiteRunner.runSequentially(SuiteRunner.java:437)
at org.testng.SuiteRunner.privateRun(SuiteRunner.java:397)
at org.testng.SuiteRunner.run(SuiteRunner.java:336)
at org.testng.SuiteRunnerWorker.runSuite(SuiteRunnerWorker.java:52)
at org.testng.SuiteRunnerWorker.run(SuiteRunnerWorker.java:95)
at org.testng.TestNG.runSuitesSequentially(TestNG.java:1280)
at org.testng.TestNG.runSuitesLocally(TestNG.java:1200)
at org.testng.TestNG.runSuites(TestNG.java:1114)
at org.testng.TestNG.run(TestNG.java:1082)
at org.testng.remote.AbstractRemoteTestNG.run(AbstractRemoteTestNG.java:115)
at org.testng.remote.RemoteTestNG.initAndRun(RemoteTestNG.java:251)
at org.testng.remote.RemoteTestNG.main(RemoteTestNG.java:77)
]]>
    </error>
  </testcase> <!-- siteDelete -->
  <testcase classname="com.EIDSA.testCases.TC_015_site_Positive" name="siteDeleteWithPatient" time="21.161"/>
  <testcase classname="com.EIDSA.testCases.TC_015_site_Positive" name="folderCreation" time="10.696"/>
  <testcase classname="com.EIDSA.testCases.TC_015_site_Positive" name="folderEdit" time="13.599"/>
  <testcase classname="com.EIDSA.testCases.TC_015_site_Positive" name="uploadDocument" time="6.849"/>
  <testcase classname="com.EIDSA.testCases.TC_015_site_Positive" name="DocumentNameSearchVerification" time="22.702"/>
  <testcase classname="com.EIDSA.testCases.TC_015_site_Positive" name="DocumentDateSearchVerification" time="10.679"/>
  <testcase classname="com.EIDSA.testCases.TC_015_site_Positive" name="DocumentUploadedBySearchVerification" time="10.363"/>
  <testcase classname="com.EIDSA.testCases.TC_015_site_Positive" name="edit_Doc" time="12.413"/>
  <testcase classname="com.EIDSA.testCases.TC_015_site_Positive" name="view_Doc" time="0.783"/>
  <testcase classname="com.EIDSA.testCases.TC_015_site_Positive" name="setApprover_Doc" time="15.673"/>
  <testcase classname="com.EIDSA.testCases.TC_015_site_Positive" name="Approver_Removal" time="11.828"/>
  <testcase classname="com.EIDSA.testCases.TC_015_site_Positive" name="Download_Doc" time="0.164"/>
  <testcase classname="com.EIDSA.testCases.TC_015_site_Positive" name="Delete_Doc" time="7.728"/>
  <testcase classname="com.EIDSA.testCases.TC_015_site_Positive" name="Delete_Folder" time="9.963"/>
</testsuite> <!-- com.EIDSA.testCases.TC_015_site_Positive -->
